<?xml version="1.0" encoding="UTF-8"?>
<!-- Generated by org.testng.reporters.JUnitReportReporter -->
<testsuite skipped="0" hostname="Golam-PC2" name="DesignPattern.FreeCrm" tests="2" failures="0" timestamp="2020-01-04T15:00:01 EST" time="42.287" errors="0">
  <testcase name="verifyFreeCrmTitleTest" time="25.489" classname="DesignPattern.FreeCrm"/>
  <testcase name="logoTest" time="16.798" classname="DesignPattern.FreeCrm"/>
</testsuite> <!-- DesignPattern.FreeCrm -->
