<?xml version="1.0" encoding="UTF-8"?>
<!-- Generated by org.testng.reporters.JUnitReportReporter -->
<testsuite hostname="Golam-PC2" name="DesignPattern.FreeCrm" tests="2" failures="0" timestamp="31 Dec 2019 14:41:56 GMT" time="36.661" errors="0">
  <testcase name="verifyFreeCrmTitleTest" time="23.745" classname="DesignPattern.FreeCrm"/>
  <testcase name="logoTest" time="12.916" classname="DesignPattern.FreeCrm"/>
</testsuite> <!-- DesignPattern.FreeCrm -->
