<?xml version="1.0" encoding="UTF-8"?>
<!-- Generated by org.testng.reporters.JUnitReportReporter -->
<testsuite hostname="Golam-PC2" name="DesignPattern.FreeCrm" tests="2" failures="0" timestamp="20 Sep 2019 18:25:27 GMT" time="38.531" errors="0">
  <testcase name="logoTest" time="19.986" classname="DesignPattern.FreeCrm"/>
  <testcase name="verifyFreeCrmTitleTest" time="18.545" classname="DesignPattern.FreeCrm"/>
</testsuite> <!-- DesignPattern.FreeCrm -->
