<?xml version="1.0" encoding="UTF-8"?>
<!-- Generated by org.testng.reporters.JUnitReportReporter -->
<testsuite hostname="Golam-PC2" name="DesignPattern.FreeCrm" tests="2" failures="0" timestamp="20 Sep 2019 18:02:43 GMT" time="37.678" errors="0">
  <testcase name="logoTest" time="20.918" classname="DesignPattern.FreeCrm"/>
  <testcase name="verifyFreeCrmTitleTest" time="16.760" classname="DesignPattern.FreeCrm"/>
</testsuite> <!-- DesignPattern.FreeCrm -->
