<?xml version="1.0" encoding="UTF-8"?>
<!-- Generated by org.testng.reporters.JUnitReportReporter -->
<testsuite hostname="Golam-PC2" name="DesignPattern.FreeCrm" tests="2" failures="0" timestamp="18 Sep 2019 17:17:33 GMT" time="34.048" errors="0">
  <testcase name="logoTest" time="18.648" classname="DesignPattern.FreeCrm"/>
  <testcase name="verifyFreeCrmTitleTest" time="15.400" classname="DesignPattern.FreeCrm"/>
</testsuite> <!-- DesignPattern.FreeCrm -->
