<?xml version="1.0" encoding="UTF-8"?>
<!-- Generated by org.testng.reporters.JUnitReportReporter -->
<testsuite hostname="Golam-PC2" name="DesignPattern.FreeCrm" tests="2" failures="0" timestamp="23 Sep 2019 13:15:14 GMT" time="37.565" errors="0">
  <testcase name="logoTest" time="21.091" classname="DesignPattern.FreeCrm"/>
  <testcase name="verifyFreeCrmTitleTest" time="16.474" classname="DesignPattern.FreeCrm"/>
</testsuite> <!-- DesignPattern.FreeCrm -->
