<?xml version="1.0" encoding="UTF-8"?>
<!-- Generated by org.testng.reporters.JUnitReportReporter -->
<testsuite hostname="Golam-PC2" name="DesignPattern.FreeCrm" tests="2" failures="0" timestamp="20 Sep 2019 02:51:09 GMT" time="35.509" errors="0">
  <testcase name="logoTest" time="20.074" classname="DesignPattern.FreeCrm"/>
  <testcase name="verifyFreeCrmTitleTest" time="15.435" classname="DesignPattern.FreeCrm"/>
</testsuite> <!-- DesignPattern.FreeCrm -->
